<?xml version="1.0" encoding="UTF-8"?>
<!-- Generated by org.testng.reporters.JUnitReportReporter -->
<testsuite hostname="ASDB0105" name="Test_testng.Sample_test_testng" tests="1" failures="0" timestamp="13 Jan 2015 09:01:44 GMT" time="18.627" errors="0">
  <testcase name="run_test" time="18.627" classname="Test_testng.Sample_test_testng"/>
</testsuite> <!-- Test_testng.Sample_test_testng -->
