<?xml version="1.0" encoding="UTF-8"?>
<!-- Generated by org.testng.reporters.JUnitReportReporter -->
<testsuite hostname="ASDB0105" name="Test_testng.Sample_test" tests="1" failures="0" timestamp="12 Jan 2015 07:46:13 GMT" time="24.149" errors="0">
  <testcase name="test1" time="24.149" classname="Test_testng.Sample_test"/>
</testsuite> <!-- Test_testng.Sample_test -->
